  snake_main.c
C:\Users\김예원\OneDrive\문서\GitHub\Snake-Game\Snake_Game\snake_main.c(80,10): warning C4477: 'scanf_s' : 서식 문자열 '%s'에 'unsigned int' 형식의 인수가 필요하지만 variadic 인수 2의 형식이 'size_t'입니다.
  C:\Users\김예원\OneDrive\문서\GitHub\Snake-Game\Snake_Game\snake_main.c(80,10):
  이 인수는 버퍼 크기로 사용됩니다.
  
C:\Users\김예원\OneDrive\문서\GitHub\Snake-Game\Snake_Game\snake_main.c(312,2): warning C4013: 'read_record'이(가) 정의되지 않았습니다. extern은 int형을 반환하는 것으로 간주합니다.
C:\Users\김예원\OneDrive\문서\GitHub\Snake-Game\Snake_Game\snake_main.c(322,18): warning C4047: '=': 'int'의 간접 참조 수준이 'void *'과(와) 다릅니다.
C:\Users\김예원\OneDrive\문서\GitHub\Snake-Game\Snake_Game\snake_main.c(329,16): warning C4047: '=': 'int'의 간접 참조 수준이 'void *'과(와) 다릅니다.
C:\Users\김예원\OneDrive\문서\GitHub\Snake-Game\Snake_Game\snake_main.c(330,16): warning C4047: '=': 'int'의 간접 참조 수준이 'void *'과(와) 다릅니다.
C:\Users\김예원\OneDrive\문서\GitHub\Snake-Game\Snake_Game\snake_main.c(332,24): warning C4047: '=': 'int'의 간접 참조 수준이 'void *'과(와) 다릅니다.
C:\Users\김예원\OneDrive\문서\GitHub\Snake-Game\Snake_Game\snake_main.c(333,22): warning C4047: '=': 'int'의 간접 참조 수준이 'void *'과(와) 다릅니다.
C:\Users\김예원\OneDrive\문서\GitHub\Snake-Game\Snake_Game\snake_main.c(381,13): warning C4047: '=': 'int'의 간접 참조 수준이 'void *'과(와) 다릅니다.
C:\Users\김예원\OneDrive\문서\GitHub\Snake-Game\Snake_Game\snake_main.c(382,13): warning C4047: '=': 'int'의 간접 참조 수준이 'void *'과(와) 다릅니다.
C:\Users\김예원\OneDrive\문서\GitHub\Snake-Game\Snake_Game\snake_main.c(547,17): warning C4047: '==': 'int'의 간접 참조 수준이 'void *'과(와) 다릅니다.
C:\Users\김예원\OneDrive\문서\GitHub\Snake-Game\Snake_Game\snake_main.c(547,38): warning C4047: '==': 'int'의 간접 참조 수준이 'void *'과(와) 다릅니다.
C:\Users\김예원\OneDrive\문서\GitHub\Snake-Game\Snake_Game\snake_main.c(572,17): warning C4047: '==': 'int'의 간접 참조 수준이 'void *'과(와) 다릅니다.
C:\Users\김예원\OneDrive\문서\GitHub\Snake-Game\Snake_Game\snake_main.c(572,38): warning C4047: '==': 'int'의 간접 참조 수준이 'void *'과(와) 다릅니다.
C:\Users\김예원\OneDrive\문서\GitHub\Snake-Game\Snake_Game\snake_main.c(588,17): warning C4047: '==': 'int'의 간접 참조 수준이 'void *'과(와) 다릅니다.
C:\Users\김예원\OneDrive\문서\GitHub\Snake-Game\Snake_Game\snake_main.c(588,38): warning C4047: '==': 'int'의 간접 참조 수준이 'void *'과(와) 다릅니다.
C:\Users\김예원\OneDrive\문서\GitHub\Snake-Game\Snake_Game\snake_main.c(826,8): warning C4244: '함수': 'time_t'에서 'unsigned int'(으)로 변환하면서 데이터가 손실될 수 있습니다.
C:\Users\김예원\OneDrive\문서\GitHub\Snake-Game\Snake_Game\snake_main.c(820,1): warning C4716: 'write_record': 값을 반환해야 합니다.
  Snake_Game.vcxproj -> C:\Users\김예원\OneDrive\문서\GitHub\Snake-Game\Snake_Game\x64\Debug\Snake_Game.exe
